{"contracts/Blacklistable.sol":{"l":{"43":5,"44":3,"52":13,"53":13,"61":5,"69":1,"70":1,"78":2,"79":1,"80":1,"84":1,"85":1,"86":1},"path":"/home/abhi/Projects/ntokens-audit/contracts/Blacklistable.sol","s":{"1":5,"2":13,"3":5,"4":1,"5":1,"6":2,"7":1,"8":1,"9":1,"10":1,"11":1},"b":{"1":[3,2],"2":[13,0],"3":[1,1],"4":[1,0]},"f":{"1":5,"2":13,"3":5,"4":1,"5":2,"6":1},"fnMap":{"1":{"name":"onlyBlacklister","line":42,"loc":{"start":{"line":42,"column":4},"end":{"line":42,"column":28}}},"2":{"name":"notBlacklisted","line":51,"loc":{"start":{"line":51,"column":4},"end":{"line":51,"column":43}}},"3":{"name":"isBlacklisted","line":60,"loc":{"start":{"line":60,"column":4},"end":{"line":60,"column":69}}},"4":{"name":"blacklist","line":68,"loc":{"start":{"line":68,"column":4},"end":{"line":68,"column":61}}},"5":{"name":"unBlacklist","line":77,"loc":{"start":{"line":77,"column":4},"end":{"line":77,"column":63}}},"6":{"name":"updateBlacklister","line":83,"loc":{"start":{"line":83,"column":4},"end":{"line":83,"column":70}}}},"statementMap":{"1":{"start":{"line":43,"column":8},"end":{"line":43,"column":41}},"2":{"start":{"line":52,"column":8},"end":{"line":52,"column":46}},"3":{"start":{"line":61,"column":8},"end":{"line":61,"column":36}},"4":{"start":{"line":69,"column":8},"end":{"line":69,"column":35}},"5":{"start":{"line":70,"column":8},"end":{"line":70,"column":34}},"6":{"start":{"line":78,"column":8},"end":{"line":78,"column":45}},"7":{"start":{"line":79,"column":8},"end":{"line":79,"column":36}},"8":{"start":{"line":80,"column":8},"end":{"line":80,"column":36}},"9":{"start":{"line":84,"column":8},"end":{"line":84,"column":45}},"10":{"start":{"line":85,"column":8},"end":{"line":85,"column":36}},"11":{"start":{"line":86,"column":8},"end":{"line":86,"column":44}}},"branchMap":{"1":{"line":43,"type":"if","locations":[{"start":{"line":43,"column":8},"end":{"line":43,"column":8}},{"start":{"line":43,"column":8},"end":{"line":43,"column":8}}]},"2":{"line":52,"type":"if","locations":[{"start":{"line":52,"column":8},"end":{"line":52,"column":8}},{"start":{"line":52,"column":8},"end":{"line":52,"column":8}}]},"3":{"line":78,"type":"if","locations":[{"start":{"line":78,"column":8},"end":{"line":78,"column":8}},{"start":{"line":78,"column":8},"end":{"line":78,"column":8}}]},"4":{"line":84,"type":"if","locations":[{"start":{"line":84,"column":8},"end":{"line":84,"column":8}},{"start":{"line":84,"column":8},"end":{"line":84,"column":8}}]}}},"contracts/ERC20.sol":{"l":{"26":0,"35":0,"44":0,"45":0,"63":0,"65":0,"66":0,"67":0,"79":0,"80":0,"82":0,"83":0,"84":0,"95":0,"96":0,"97":0,"98":0,"108":0,"109":0,"111":0,"112":0,"113":0,"124":0,"128":0,"130":0},"path":"/home/abhi/Projects/ntokens-audit/contracts/ERC20.sol","s":{"1":0,"2":0,"3":0,"4":0,"5":0,"6":0,"7":0,"8":0,"9":0,"10":0,"11":0,"12":0,"13":0,"14":0,"15":0,"16":0,"17":0,"18":0,"19":0,"20":0,"21":0,"22":0,"23":0,"24":0,"25":0},"b":{"1":[0,0],"2":[0,0],"3":[0,0],"4":[0,0],"5":[0,0],"6":[0,0],"7":[0,0]},"f":{"1":0,"2":0,"3":0,"4":0,"5":0,"6":0,"7":0,"8":0},"fnMap":{"1":{"name":"totalSupply","line":25,"loc":{"start":{"line":25,"column":2},"end":{"line":25,"column":54}}},"2":{"name":"balanceOf","line":34,"loc":{"start":{"line":34,"column":2},"end":{"line":34,"column":65}}},"3":{"name":"transfer","line":43,"loc":{"start":{"line":43,"column":2},"end":{"line":43,"column":68}}},"4":{"name":"transferFrom","line":55,"loc":{"start":{"line":55,"column":2},"end":{"line":62,"column":3}}},"5":{"name":"_transfer","line":78,"loc":{"start":{"line":78,"column":2},"end":{"line":78,"column":70}}},"6":{"name":"_mint","line":94,"loc":{"start":{"line":94,"column":2},"end":{"line":94,"column":57}}},"7":{"name":"_burn","line":107,"loc":{"start":{"line":107,"column":2},"end":{"line":107,"column":57}}},"8":{"name":"_burnFrom","line":123,"loc":{"start":{"line":123,"column":2},"end":{"line":123,"column":61}}}},"statementMap":{"1":{"start":{"line":26,"column":4},"end":{"line":26,"column":23}},"2":{"start":{"line":35,"column":4},"end":{"line":35,"column":27}},"3":{"start":{"line":44,"column":4},"end":{"line":44,"column":35}},"4":{"start":{"line":45,"column":4},"end":{"line":45,"column":15}},"5":{"start":{"line":63,"column":4},"end":{"line":63,"column":47}},"6":{"start":{"line":65,"column":4},"end":{"line":65,"column":69}},"7":{"start":{"line":66,"column":4},"end":{"line":66,"column":29}},"8":{"start":{"line":67,"column":4},"end":{"line":67,"column":15}},"9":{"start":{"line":79,"column":4},"end":{"line":79,"column":36}},"10":{"start":{"line":80,"column":4},"end":{"line":80,"column":28}},"11":{"start":{"line":82,"column":4},"end":{"line":82,"column":47}},"12":{"start":{"line":83,"column":4},"end":{"line":83,"column":43}},"13":{"start":{"line":84,"column":4},"end":{"line":84,"column":34}},"14":{"start":{"line":95,"column":4},"end":{"line":95,"column":24}},"15":{"start":{"line":96,"column":4},"end":{"line":96,"column":41}},"16":{"start":{"line":97,"column":4},"end":{"line":97,"column":53}},"17":{"start":{"line":98,"column":4},"end":{"line":98,"column":45}},"18":{"start":{"line":108,"column":4},"end":{"line":108,"column":24}},"19":{"start":{"line":109,"column":4},"end":{"line":109,"column":39}},"20":{"start":{"line":111,"column":4},"end":{"line":111,"column":41}},"21":{"start":{"line":112,"column":4},"end":{"line":112,"column":53}},"22":{"start":{"line":113,"column":4},"end":{"line":113,"column":45}},"23":{"start":{"line":124,"column":4},"end":{"line":124,"column":50}},"24":{"start":{"line":128,"column":4},"end":{"line":128,"column":3978}},"25":{"start":{"line":130,"column":4},"end":{"line":130,"column":24}}},"branchMap":{"1":{"line":63,"type":"if","locations":[{"start":{"line":63,"column":4},"end":{"line":63,"column":4}},{"start":{"line":63,"column":4},"end":{"line":63,"column":4}}]},"2":{"line":79,"type":"if","locations":[{"start":{"line":79,"column":4},"end":{"line":79,"column":4}},{"start":{"line":79,"column":4},"end":{"line":79,"column":4}}]},"3":{"line":80,"type":"if","locations":[{"start":{"line":80,"column":4},"end":{"line":80,"column":4}},{"start":{"line":80,"column":4},"end":{"line":80,"column":4}}]},"4":{"line":95,"type":"if","locations":[{"start":{"line":95,"column":4},"end":{"line":95,"column":4}},{"start":{"line":95,"column":4},"end":{"line":95,"column":4}}]},"5":{"line":108,"type":"if","locations":[{"start":{"line":108,"column":4},"end":{"line":108,"column":4}},{"start":{"line":108,"column":4},"end":{"line":108,"column":4}}]},"6":{"line":109,"type":"if","locations":[{"start":{"line":109,"column":4},"end":{"line":109,"column":4}},{"start":{"line":109,"column":4},"end":{"line":109,"column":4}}]},"7":{"line":124,"type":"if","locations":[{"start":{"line":124,"column":4},"end":{"line":124,"column":4}},{"start":{"line":124,"column":4},"end":{"line":124,"column":4}}]}}},"contracts/FiatTokenV1.sol":{"l":{"67":2,"68":1,"69":1,"70":1,"71":1,"73":1,"74":1,"75":1,"76":1,"77":1,"78":1,"79":1,"80":1,"81":1,"88":6,"89":4,"99":3,"100":3,"102":3,"103":3,"105":2,"106":2,"107":2,"108":2,"109":2,"110":2,"117":5,"118":3,"126":3,"134":3,"141":7,"149":13,"160":0,"161":0,"162":0,"164":0,"165":0,"166":0,"167":0,"168":0,"178":3,"179":3,"181":1,"182":1,"183":1,"184":1,"194":2,"195":2,"196":2,"197":2,"206":1,"207":1,"208":1,"209":1,"210":1,"220":1,"221":1,"222":1,"224":1,"225":1,"226":1,"227":1,"231":1,"232":1,"233":1},"path":"/home/abhi/Projects/ntokens-audit/contracts/FiatTokenV1.sol","s":{"1":2,"2":1,"3":1,"4":1,"5":1,"6":1,"7":1,"8":1,"9":1,"10":1,"11":1,"12":1,"13":1,"14":1,"15":6,"16":3,"17":3,"18":3,"19":3,"20":2,"21":2,"22":2,"23":2,"24":2,"25":2,"26":5,"27":3,"28":3,"29":7,"30":13,"31":0,"32":0,"33":0,"34":0,"35":0,"36":0,"37":0,"38":0,"39":3,"40":3,"41":1,"42":1,"43":1,"44":1,"45":2,"46":2,"47":2,"48":2,"49":1,"50":1,"51":1,"52":1,"53":1,"54":1,"55":1,"56":1,"57":1,"58":1,"59":1,"60":1,"61":1,"62":1,"63":1},"b":{"1":[1,1],"2":[1,0],"3":[1,0],"4":[1,0],"5":[1,0],"6":[4,2],"7":[3,0],"8":[3,0],"9":[2,1],"10":[3,2],"11":[0,0],"12":[0,0],"13":[0,0],"14":[3,0],"15":[1,2],"16":[1,0],"17":[1,0],"18":[1,0],"19":[1,0]},"f":{"1":2,"2":6,"3":3,"4":5,"5":3,"6":3,"7":7,"8":13,"9":0,"10":3,"11":2,"12":1,"13":1,"14":1},"fnMap":{"1":{"name":"initialize","line":57,"loc":{"start":{"line":57,"column":4},"end":{"line":66,"column":24}}},"2":{"name":"onlyMinters","line":87,"loc":{"start":{"line":87,"column":4},"end":{"line":87,"column":24}}},"3":{"name":"mint","line":98,"loc":{"start":{"line":98,"column":4},"end":{"line":98,"column":140}}},"4":{"name":"onlyMasterMinter","line":116,"loc":{"start":{"line":116,"column":4},"end":{"line":116,"column":29}}},"5":{"name":"minterAllowance","line":125,"loc":{"start":{"line":125,"column":4},"end":{"line":125,"column":72}}},"6":{"name":"isMinter","line":133,"loc":{"start":{"line":133,"column":4},"end":{"line":133,"column":63}}},"7":{"name":"totalSupply","line":140,"loc":{"start":{"line":140,"column":4},"end":{"line":140,"column":54}}},"8":{"name":"balanceOf","line":148,"loc":{"start":{"line":148,"column":4},"end":{"line":148,"column":67}}},"9":{"name":"transferFrom","line":159,"loc":{"start":{"line":159,"column":4},"end":{"line":159,"column":172}}},"10":{"name":"transfer","line":177,"loc":{"start":{"line":177,"column":4},"end":{"line":177,"column":131}}},"11":{"name":"configureMinter","line":193,"loc":{"start":{"line":193,"column":4},"end":{"line":193,"column":124}}},"12":{"name":"removeMinter","line":205,"loc":{"start":{"line":205,"column":4},"end":{"line":205,"column":78}}},"13":{"name":"burn","line":219,"loc":{"start":{"line":219,"column":4},"end":{"line":219,"column":92}}},"14":{"name":"updateMasterMinter","line":230,"loc":{"start":{"line":230,"column":4},"end":{"line":230,"column":72}}}},"statementMap":{"1":{"start":{"line":67,"column":8},"end":{"line":67,"column":28}},"2":{"start":{"line":68,"column":8},"end":{"line":68,"column":43}},"3":{"start":{"line":69,"column":8},"end":{"line":69,"column":37}},"4":{"start":{"line":70,"column":8},"end":{"line":70,"column":42}},"5":{"start":{"line":71,"column":8},"end":{"line":71,"column":36}},"6":{"start":{"line":73,"column":8},"end":{"line":73,"column":19}},"7":{"start":{"line":74,"column":8},"end":{"line":74,"column":23}},"8":{"start":{"line":75,"column":8},"end":{"line":75,"column":27}},"9":{"start":{"line":76,"column":8},"end":{"line":76,"column":27}},"10":{"start":{"line":77,"column":8},"end":{"line":77,"column":35}},"11":{"start":{"line":78,"column":8},"end":{"line":78,"column":23}},"12":{"start":{"line":79,"column":8},"end":{"line":79,"column":33}},"13":{"start":{"line":80,"column":8},"end":{"line":80,"column":23}},"14":{"start":{"line":81,"column":8},"end":{"line":81,"column":25}},"15":{"start":{"line":88,"column":8},"end":{"line":88,"column":43}},"16":{"start":{"line":99,"column":8},"end":{"line":99,"column":33}},"17":{"start":{"line":100,"column":8},"end":{"line":100,"column":27}},"18":{"start":{"line":102,"column":8},"end":{"line":102,"column":63}},"19":{"start":{"line":103,"column":8},"end":{"line":103,"column":47}},"20":{"start":{"line":105,"column":8},"end":{"line":105,"column":47}},"21":{"start":{"line":106,"column":8},"end":{"line":106,"column":49}},"22":{"start":{"line":107,"column":8},"end":{"line":107,"column":68}},"23":{"start":{"line":108,"column":8},"end":{"line":108,"column":43}},"24":{"start":{"line":109,"column":8},"end":{"line":109,"column":40}},"25":{"start":{"line":110,"column":8},"end":{"line":110,"column":19}},"26":{"start":{"line":117,"column":8},"end":{"line":117,"column":42}},"27":{"start":{"line":126,"column":8},"end":{"line":126,"column":36}},"28":{"start":{"line":134,"column":8},"end":{"line":134,"column":31}},"29":{"start":{"line":141,"column":8},"end":{"line":141,"column":27}},"30":{"start":{"line":149,"column":8},"end":{"line":149,"column":32}},"31":{"start":{"line":160,"column":8},"end":{"line":160,"column":33}},"32":{"start":{"line":161,"column":8},"end":{"line":161,"column":41}},"33":{"start":{"line":162,"column":8},"end":{"line":162,"column":52}},"34":{"start":{"line":164,"column":8},"end":{"line":164,"column":52}},"35":{"start":{"line":165,"column":8},"end":{"line":165,"column":48}},"36":{"start":{"line":166,"column":8},"end":{"line":166,"column":74}},"37":{"start":{"line":167,"column":8},"end":{"line":167,"column":41}},"38":{"start":{"line":168,"column":8},"end":{"line":168,"column":19}},"39":{"start":{"line":178,"column":8},"end":{"line":178,"column":33}},"40":{"start":{"line":179,"column":8},"end":{"line":179,"column":46}},"41":{"start":{"line":181,"column":8},"end":{"line":181,"column":62}},"42":{"start":{"line":182,"column":8},"end":{"line":182,"column":48}},"43":{"start":{"line":183,"column":8},"end":{"line":183,"column":46}},"44":{"start":{"line":184,"column":8},"end":{"line":184,"column":19}},"45":{"start":{"line":194,"column":8},"end":{"line":194,"column":29}},"46":{"start":{"line":195,"column":8},"end":{"line":195,"column":50}},"47":{"start":{"line":196,"column":8},"end":{"line":196,"column":58}},"48":{"start":{"line":197,"column":8},"end":{"line":197,"column":19}},"49":{"start":{"line":206,"column":8},"end":{"line":206,"column":39}},"50":{"start":{"line":207,"column":8},"end":{"line":207,"column":30}},"51":{"start":{"line":208,"column":8},"end":{"line":208,"column":32}},"52":{"start":{"line":209,"column":8},"end":{"line":209,"column":34}},"53":{"start":{"line":210,"column":8},"end":{"line":210,"column":19}},"54":{"start":{"line":220,"column":8},"end":{"line":220,"column":45}},"55":{"start":{"line":221,"column":8},"end":{"line":221,"column":27}},"56":{"start":{"line":222,"column":8},"end":{"line":222,"column":34}},"57":{"start":{"line":224,"column":8},"end":{"line":224,"column":47}},"58":{"start":{"line":225,"column":8},"end":{"line":225,"column":50}},"59":{"start":{"line":226,"column":8},"end":{"line":226,"column":38}},"60":{"start":{"line":227,"column":8},"end":{"line":227,"column":54}},"61":{"start":{"line":231,"column":8},"end":{"line":231,"column":46}},"62":{"start":{"line":232,"column":8},"end":{"line":232,"column":38}},"63":{"start":{"line":233,"column":8},"end":{"line":233,"column":46}}},"branchMap":{"1":{"line":67,"type":"if","locations":[{"start":{"line":67,"column":8},"end":{"line":67,"column":8}},{"start":{"line":67,"column":8},"end":{"line":67,"column":8}}]},"2":{"line":68,"type":"if","locations":[{"start":{"line":68,"column":8},"end":{"line":68,"column":8}},{"start":{"line":68,"column":8},"end":{"line":68,"column":8}}]},"3":{"line":69,"type":"if","locations":[{"start":{"line":69,"column":8},"end":{"line":69,"column":8}},{"start":{"line":69,"column":8},"end":{"line":69,"column":8}}]},"4":{"line":70,"type":"if","locations":[{"start":{"line":70,"column":8},"end":{"line":70,"column":8}},{"start":{"line":70,"column":8},"end":{"line":70,"column":8}}]},"5":{"line":71,"type":"if","locations":[{"start":{"line":71,"column":8},"end":{"line":71,"column":8}},{"start":{"line":71,"column":8},"end":{"line":71,"column":8}}]},"6":{"line":88,"type":"if","locations":[{"start":{"line":88,"column":8},"end":{"line":88,"column":8}},{"start":{"line":88,"column":8},"end":{"line":88,"column":8}}]},"7":{"line":99,"type":"if","locations":[{"start":{"line":99,"column":8},"end":{"line":99,"column":8}},{"start":{"line":99,"column":8},"end":{"line":99,"column":8}}]},"8":{"line":100,"type":"if","locations":[{"start":{"line":100,"column":8},"end":{"line":100,"column":8}},{"start":{"line":100,"column":8},"end":{"line":100,"column":8}}]},"9":{"line":103,"type":"if","locations":[{"start":{"line":103,"column":8},"end":{"line":103,"column":8}},{"start":{"line":103,"column":8},"end":{"line":103,"column":8}}]},"10":{"line":117,"type":"if","locations":[{"start":{"line":117,"column":8},"end":{"line":117,"column":8}},{"start":{"line":117,"column":8},"end":{"line":117,"column":8}}]},"11":{"line":160,"type":"if","locations":[{"start":{"line":160,"column":8},"end":{"line":160,"column":8}},{"start":{"line":160,"column":8},"end":{"line":160,"column":8}}]},"12":{"line":161,"type":"if","locations":[{"start":{"line":161,"column":8},"end":{"line":161,"column":8}},{"start":{"line":161,"column":8},"end":{"line":161,"column":8}}]},"13":{"line":162,"type":"if","locations":[{"start":{"line":162,"column":8},"end":{"line":162,"column":8}},{"start":{"line":162,"column":8},"end":{"line":162,"column":8}}]},"14":{"line":178,"type":"if","locations":[{"start":{"line":178,"column":8},"end":{"line":178,"column":8}},{"start":{"line":178,"column":8},"end":{"line":178,"column":8}}]},"15":{"line":179,"type":"if","locations":[{"start":{"line":179,"column":8},"end":{"line":179,"column":8}},{"start":{"line":179,"column":8},"end":{"line":179,"column":8}}]},"16":{"line":206,"type":"if","locations":[{"start":{"line":206,"column":8},"end":{"line":206,"column":8}},{"start":{"line":206,"column":8},"end":{"line":206,"column":8}}]},"17":{"line":221,"type":"if","locations":[{"start":{"line":221,"column":8},"end":{"line":221,"column":8}},{"start":{"line":221,"column":8},"end":{"line":221,"column":8}}]},"18":{"line":222,"type":"if","locations":[{"start":{"line":222,"column":8},"end":{"line":222,"column":8}},{"start":{"line":222,"column":8},"end":{"line":222,"column":8}}]},"19":{"line":231,"type":"if","locations":[{"start":{"line":231,"column":8},"end":{"line":231,"column":8}},{"start":{"line":231,"column":8},"end":{"line":231,"column":8}}]}}},"contracts/FiatTokenV2.sol":{"l":{},"path":"/home/abhi/Projects/ntokens-audit/contracts/FiatTokenV2.sol","s":{},"b":{},"f":{},"fnMap":{},"statementMap":{},"branchMap":{}},"contracts/IERC20.sol":{"l":{},"path":"/home/abhi/Projects/ntokens-audit/contracts/IERC20.sol","s":{},"b":{},"f":{},"fnMap":{},"statementMap":{},"branchMap":{}},"contracts/Ownable.sol":{"l":{"48":2,"56":16,"63":4,"70":11,"71":6,"79":1,"80":1,"81":1},"path":"/home/abhi/Projects/ntokens-audit/contracts/Ownable.sol","s":{"1":2,"2":16,"3":4,"4":11,"5":1,"6":1,"7":1},"b":{"1":[6,5],"2":[1,0]},"f":{"1":2,"2":16,"3":4,"4":11,"5":1},"fnMap":{"1":{"name":null,"line":47,"loc":{"start":{"line":47,"column":2},"end":{"line":47,"column":22}}},"2":{"name":"owner","line":55,"loc":{"start":{"line":55,"column":2},"end":{"line":55,"column":48}}},"3":{"name":"setOwner","line":62,"loc":{"start":{"line":62,"column":2},"end":{"line":62,"column":46}}},"4":{"name":"onlyOwner","line":69,"loc":{"start":{"line":69,"column":2},"end":{"line":69,"column":22}}},"5":{"name":"transferOwnership","line":78,"loc":{"start":{"line":78,"column":2},"end":{"line":78,"column":63}}}},"statementMap":{"1":{"start":{"line":48,"column":4},"end":{"line":48,"column":23}},"2":{"start":{"line":56,"column":4},"end":{"line":56,"column":17}},"3":{"start":{"line":63,"column":4},"end":{"line":63,"column":20}},"4":{"start":{"line":70,"column":4},"end":{"line":70,"column":33}},"5":{"start":{"line":79,"column":4},"end":{"line":79,"column":34}},"6":{"start":{"line":80,"column":4},"end":{"line":80,"column":48}},"7":{"start":{"line":81,"column":4},"end":{"line":81,"column":21}}},"branchMap":{"1":{"line":70,"type":"if","locations":[{"start":{"line":70,"column":4},"end":{"line":70,"column":4}},{"start":{"line":70,"column":4},"end":{"line":70,"column":4}}]},"2":{"line":79,"type":"if","locations":[{"start":{"line":79,"column":4},"end":{"line":79,"column":4}},{"start":{"line":79,"column":4},"end":{"line":79,"column":4}}]}}},"contracts/Pausable.sol":{"l":{"50":15,"51":12,"58":11,"59":10,"66":5,"67":5,"68":5,"75":5,"76":5,"77":5,"84":1,"85":1,"86":1},"path":"/home/abhi/Projects/ntokens-audit/contracts/Pausable.sol","s":{"1":15,"2":11,"3":5,"4":5,"5":5,"6":5,"7":5,"8":5,"9":1,"10":1,"11":1},"b":{"1":[12,3],"2":[10,1],"3":[5,0],"4":[5,0],"5":[1,0]},"f":{"1":15,"2":11,"3":5,"4":5,"5":1},"fnMap":{"1":{"name":"whenNotPaused","line":49,"loc":{"start":{"line":49,"column":2},"end":{"line":49,"column":26}}},"2":{"name":"onlyPauser","line":57,"loc":{"start":{"line":57,"column":2},"end":{"line":57,"column":23}}},"3":{"name":"pause","line":65,"loc":{"start":{"line":65,"column":2},"end":{"line":65,"column":36}}},"4":{"name":"unpause","line":74,"loc":{"start":{"line":74,"column":2},"end":{"line":74,"column":38}}},"5":{"name":"updatePauser","line":83,"loc":{"start":{"line":83,"column":2},"end":{"line":83,"column":60}}}},"statementMap":{"1":{"start":{"line":50,"column":4},"end":{"line":50,"column":19}},"2":{"start":{"line":58,"column":4},"end":{"line":58,"column":32}},"3":{"start":{"line":66,"column":4},"end":{"line":66,"column":27}},"4":{"start":{"line":67,"column":4},"end":{"line":67,"column":16}},"5":{"start":{"line":68,"column":4},"end":{"line":68,"column":16}},"6":{"start":{"line":75,"column":4},"end":{"line":75,"column":26}},"7":{"start":{"line":76,"column":4},"end":{"line":76,"column":17}},"8":{"start":{"line":77,"column":4},"end":{"line":77,"column":18}},"9":{"start":{"line":84,"column":4},"end":{"line":84,"column":36}},"10":{"start":{"line":85,"column":4},"end":{"line":85,"column":22}},"11":{"start":{"line":86,"column":4},"end":{"line":86,"column":30}}},"branchMap":{"1":{"line":50,"type":"if","locations":[{"start":{"line":50,"column":4},"end":{"line":50,"column":4}},{"start":{"line":50,"column":4},"end":{"line":50,"column":4}}]},"2":{"line":58,"type":"if","locations":[{"start":{"line":58,"column":4},"end":{"line":58,"column":4}},{"start":{"line":58,"column":4},"end":{"line":58,"column":4}}]},"3":{"line":66,"type":"if","locations":[{"start":{"line":66,"column":4},"end":{"line":66,"column":4}},{"start":{"line":66,"column":4},"end":{"line":66,"column":4}}]},"4":{"line":75,"type":"if","locations":[{"start":{"line":75,"column":4},"end":{"line":75,"column":4}},{"start":{"line":75,"column":4},"end":{"line":75,"column":4}}]},"5":{"line":84,"type":"if","locations":[{"start":{"line":84,"column":4},"end":{"line":84,"column":4}},{"start":{"line":84,"column":4},"end":{"line":84,"column":4}}]}}},"contracts/SafeMath.sol":{"l":{"16":0,"17":0,"20":0,"21":0,"23":0,"30":0,"31":0,"34":0,"41":5,"42":5,"44":5,"51":5,"52":5,"54":5,"62":0,"63":0},"path":"/home/abhi/Projects/ntokens-audit/contracts/SafeMath.sol","s":{"1":0,"2":0,"3":0,"4":0,"5":0,"6":0,"7":0,"8":0,"9":5,"10":5,"11":5,"12":5,"13":5,"14":5,"15":0,"16":0},"b":{"1":[0,0],"2":[0,0],"3":[0,0],"4":[5,0],"5":[5,0],"6":[0,0]},"f":{"1":0,"2":0,"3":5,"4":5,"5":0},"fnMap":{"1":{"name":"mul","line":12,"loc":{"start":{"line":12,"column":2},"end":{"line":12,"column":68}}},"2":{"name":"div","line":29,"loc":{"start":{"line":29,"column":2},"end":{"line":29,"column":68}}},"3":{"name":"sub","line":40,"loc":{"start":{"line":40,"column":2},"end":{"line":40,"column":68}}},"4":{"name":"add","line":50,"loc":{"start":{"line":50,"column":2},"end":{"line":50,"column":68}}},"5":{"name":"mod","line":61,"loc":{"start":{"line":61,"column":2},"end":{"line":61,"column":68}}}},"statementMap":{"1":{"start":{"line":16,"column":4},"end":{"line":16,"column":486}},"2":{"start":{"line":17,"column":6},"end":{"line":17,"column":14}},"3":{"start":{"line":20,"column":4},"end":{"line":20,"column":20}},"4":{"start":{"line":21,"column":4},"end":{"line":21,"column":22}},"5":{"start":{"line":23,"column":4},"end":{"line":23,"column":12}},"6":{"start":{"line":30,"column":4},"end":{"line":30,"column":17}},"7":{"start":{"line":31,"column":4},"end":{"line":31,"column":20}},"8":{"start":{"line":34,"column":4},"end":{"line":34,"column":12}},"9":{"start":{"line":41,"column":4},"end":{"line":41,"column":18}},"10":{"start":{"line":42,"column":4},"end":{"line":42,"column":20}},"11":{"start":{"line":44,"column":4},"end":{"line":44,"column":12}},"12":{"start":{"line":51,"column":4},"end":{"line":51,"column":20}},"13":{"start":{"line":52,"column":4},"end":{"line":52,"column":18}},"14":{"start":{"line":54,"column":4},"end":{"line":54,"column":12}},"15":{"start":{"line":62,"column":4},"end":{"line":62,"column":18}},"16":{"start":{"line":63,"column":4},"end":{"line":63,"column":16}}},"branchMap":{"1":{"line":16,"type":"if","locations":[{"start":{"line":16,"column":4},"end":{"line":16,"column":4}},{"start":{"line":16,"column":4},"end":{"line":16,"column":4}}]},"2":{"line":21,"type":"if","locations":[{"start":{"line":21,"column":4},"end":{"line":21,"column":4}},{"start":{"line":21,"column":4},"end":{"line":21,"column":4}}]},"3":{"line":30,"type":"if","locations":[{"start":{"line":30,"column":4},"end":{"line":30,"column":4}},{"start":{"line":30,"column":4},"end":{"line":30,"column":4}}]},"4":{"line":41,"type":"if","locations":[{"start":{"line":41,"column":4},"end":{"line":41,"column":4}},{"start":{"line":41,"column":4},"end":{"line":41,"column":4}}]},"5":{"line":52,"type":"if","locations":[{"start":{"line":52,"column":4},"end":{"line":52,"column":4}},{"start":{"line":52,"column":4},"end":{"line":52,"column":4}}]},"6":{"line":62,"type":"if","locations":[{"start":{"line":62,"column":4},"end":{"line":62,"column":4}},{"start":{"line":62,"column":4},"end":{"line":62,"column":4}}]}}}}