TN:
SF:/home/abhi/Projects/ntokens-audit/contracts/Blacklistable.sol
FN:42,onlyBlacklister
FN:51,notBlacklisted
FN:60,isBlacklisted
FN:68,blacklist
FN:77,unBlacklist
FN:83,updateBlacklister
FNF:6
FNH:6
FNDA:5,onlyBlacklister
FNDA:13,notBlacklisted
FNDA:5,isBlacklisted
FNDA:1,blacklist
FNDA:2,unBlacklist
FNDA:1,updateBlacklister
DA:43,5
DA:44,3
DA:52,13
DA:53,13
DA:61,5
DA:69,1
DA:70,1
DA:78,2
DA:79,1
DA:80,1
DA:84,1
DA:85,1
DA:86,1
LF:13
LH:13
BRDA:43,1,0,3
BRDA:43,1,1,2
BRDA:52,2,0,13
BRDA:52,2,1,0
BRDA:78,3,0,1
BRDA:78,3,1,1
BRDA:84,4,0,1
BRDA:84,4,1,0
BRF:8
BRH:6
end_of_record
TN:
SF:/home/abhi/Projects/ntokens-audit/contracts/ERC20.sol
FN:25,totalSupply
FN:34,balanceOf
FN:43,transfer
FN:55,transferFrom
FN:78,_transfer
FN:94,_mint
FN:107,_burn
FN:123,_burnFrom
FNF:8
FNH:0
FNDA:0,totalSupply
FNDA:0,balanceOf
FNDA:0,transfer
FNDA:0,transferFrom
FNDA:0,_transfer
FNDA:0,_mint
FNDA:0,_burn
FNDA:0,_burnFrom
DA:26,0
DA:35,0
DA:44,0
DA:45,0
DA:63,0
DA:65,0
DA:66,0
DA:67,0
DA:79,0
DA:80,0
DA:82,0
DA:83,0
DA:84,0
DA:95,0
DA:96,0
DA:97,0
DA:98,0
DA:108,0
DA:109,0
DA:111,0
DA:112,0
DA:113,0
DA:124,0
DA:128,0
DA:130,0
LF:25
LH:0
BRDA:63,1,0,0
BRDA:63,1,1,0
BRDA:79,2,0,0
BRDA:79,2,1,0
BRDA:80,3,0,0
BRDA:80,3,1,0
BRDA:95,4,0,0
BRDA:95,4,1,0
BRDA:108,5,0,0
BRDA:108,5,1,0
BRDA:109,6,0,0
BRDA:109,6,1,0
BRDA:124,7,0,0
BRDA:124,7,1,0
BRF:14
BRH:0
end_of_record
TN:
SF:/home/abhi/Projects/ntokens-audit/contracts/FiatTokenV1.sol
FN:57,initialize
FN:87,onlyMinters
FN:98,mint
FN:116,onlyMasterMinter
FN:125,minterAllowance
FN:133,isMinter
FN:140,totalSupply
FN:148,balanceOf
FN:159,transferFrom
FN:177,transfer
FN:193,configureMinter
FN:205,removeMinter
FN:219,burn
FN:230,updateMasterMinter
FNF:14
FNH:13
FNDA:2,initialize
FNDA:6,onlyMinters
FNDA:3,mint
FNDA:5,onlyMasterMinter
FNDA:3,minterAllowance
FNDA:3,isMinter
FNDA:7,totalSupply
FNDA:13,balanceOf
FNDA:0,transferFrom
FNDA:3,transfer
FNDA:2,configureMinter
FNDA:1,removeMinter
FNDA:1,burn
FNDA:1,updateMasterMinter
DA:67,2
DA:68,1
DA:69,1
DA:70,1
DA:71,1
DA:73,1
DA:74,1
DA:75,1
DA:76,1
DA:77,1
DA:78,1
DA:79,1
DA:80,1
DA:81,1
DA:88,6
DA:89,4
DA:99,3
DA:100,3
DA:102,3
DA:103,3
DA:105,2
DA:106,2
DA:107,2
DA:108,2
DA:109,2
DA:110,2
DA:117,5
DA:118,3
DA:126,3
DA:134,3
DA:141,7
DA:149,13
DA:160,0
DA:161,0
DA:162,0
DA:164,0
DA:165,0
DA:166,0
DA:167,0
DA:168,0
DA:178,3
DA:179,3
DA:181,1
DA:182,1
DA:183,1
DA:184,1
DA:194,2
DA:195,2
DA:196,2
DA:197,2
DA:206,1
DA:207,1
DA:208,1
DA:209,1
DA:210,1
DA:220,1
DA:221,1
DA:222,1
DA:224,1
DA:225,1
DA:226,1
DA:227,1
DA:231,1
DA:232,1
DA:233,1
LF:65
LH:57
BRDA:67,1,0,1
BRDA:67,1,1,1
BRDA:68,2,0,1
BRDA:68,2,1,0
BRDA:69,3,0,1
BRDA:69,3,1,0
BRDA:70,4,0,1
BRDA:70,4,1,0
BRDA:71,5,0,1
BRDA:71,5,1,0
BRDA:88,6,0,4
BRDA:88,6,1,2
BRDA:99,7,0,3
BRDA:99,7,1,0
BRDA:100,8,0,3
BRDA:100,8,1,0
BRDA:103,9,0,2
BRDA:103,9,1,1
BRDA:117,10,0,3
BRDA:117,10,1,2
BRDA:160,11,0,0
BRDA:160,11,1,0
BRDA:161,12,0,0
BRDA:161,12,1,0
BRDA:162,13,0,0
BRDA:162,13,1,0
BRDA:178,14,0,3
BRDA:178,14,1,0
BRDA:179,15,0,1
BRDA:179,15,1,2
BRDA:206,16,0,1
BRDA:206,16,1,0
BRDA:221,17,0,1
BRDA:221,17,1,0
BRDA:222,18,0,1
BRDA:222,18,1,0
BRDA:231,19,0,1
BRDA:231,19,1,0
BRF:38
BRH:21
end_of_record
TN:
SF:/home/abhi/Projects/ntokens-audit/contracts/FiatTokenV2.sol
FNF:0
FNH:0
LF:0
LH:0
BRF:0
BRH:0
end_of_record
TN:
SF:/home/abhi/Projects/ntokens-audit/contracts/IERC20.sol
FNF:0
FNH:0
LF:0
LH:0
BRF:0
BRH:0
end_of_record
TN:
SF:/home/abhi/Projects/ntokens-audit/contracts/Ownable.sol
FN:47,
FN:55,owner
FN:62,setOwner
FN:69,onlyOwner
FN:78,transferOwnership
FNF:5
FNH:5
FNDA:2,
FNDA:16,owner
FNDA:4,setOwner
FNDA:11,onlyOwner
FNDA:1,transferOwnership
DA:48,2
DA:56,16
DA:63,4
DA:70,11
DA:71,6
DA:79,1
DA:80,1
DA:81,1
LF:8
LH:8
BRDA:70,1,0,6
BRDA:70,1,1,5
BRDA:79,2,0,1
BRDA:79,2,1,0
BRF:4
BRH:3
end_of_record
TN:
SF:/home/abhi/Projects/ntokens-audit/contracts/Pausable.sol
FN:49,whenNotPaused
FN:57,onlyPauser
FN:65,pause
FN:74,unpause
FN:83,updatePauser
FNF:5
FNH:5
FNDA:15,whenNotPaused
FNDA:11,onlyPauser
FNDA:5,pause
FNDA:5,unpause
FNDA:1,updatePauser
DA:50,15
DA:51,12
DA:58,11
DA:59,10
DA:66,5
DA:67,5
DA:68,5
DA:75,5
DA:76,5
DA:77,5
DA:84,1
DA:85,1
DA:86,1
LF:13
LH:13
BRDA:50,1,0,12
BRDA:50,1,1,3
BRDA:58,2,0,10
BRDA:58,2,1,1
BRDA:66,3,0,5
BRDA:66,3,1,0
BRDA:75,4,0,5
BRDA:75,4,1,0
BRDA:84,5,0,1
BRDA:84,5,1,0
BRF:10
BRH:7
end_of_record
TN:
SF:/home/abhi/Projects/ntokens-audit/contracts/SafeMath.sol
FN:12,mul
FN:29,div
FN:40,sub
FN:50,add
FN:61,mod
FNF:5
FNH:2
FNDA:0,mul
FNDA:0,div
FNDA:5,sub
FNDA:5,add
FNDA:0,mod
DA:16,0
DA:17,0
DA:20,0
DA:21,0
DA:23,0
DA:30,0
DA:31,0
DA:34,0
DA:41,5
DA:42,5
DA:44,5
DA:51,5
DA:52,5
DA:54,5
DA:62,0
DA:63,0
LF:16
LH:6
BRDA:16,1,0,0
BRDA:16,1,1,0
BRDA:21,2,0,0
BRDA:21,2,1,0
BRDA:30,3,0,0
BRDA:30,3,1,0
BRDA:41,4,0,5
BRDA:41,4,1,0
BRDA:52,5,0,5
BRDA:52,5,1,0
BRDA:62,6,0,0
BRDA:62,6,1,0
BRF:12
BRH:2
end_of_record
